2025-11-27 09:16:23.150 [main] INFO  org.example.Application - Starting Application using Java 17.0.12 with PID 29640 (C:\ideaworkspace\dingtalk-main\target\classes started by supersun in C:\ideaworkspace\dingtalk-main)
2025-11-27 09:16:23.156 [main] INFO  org.example.Application - No active profile set, falling back to 1 default profile: "default"
2025-11-27 09:16:26.537 [main] INFO  o.example.service.AccessTokenService - refresh access token success, expireIn=7200
2025-11-27 09:16:26.540 [main] WARN  o.s.c.s.PostProcessorRegistrationDelegate$BeanPostProcessorChecker - Bean 'accessTokenService' of type [org.example.service.AccessTokenService] is not eligible for getting processed by all BeanPostProcessors (for example: not eligible for auto-proxying). Is this bean getting eagerly injected/applied to a currently created BeanPostProcessor [authInterceptor]? Check the corresponding BeanPostProcessor declaration and its dependencies/advisors. If this bean does not have to be post-processed, declare it with ROLE_INFRASTRUCTURE.
2025-11-27 09:16:26.897 [main] INFO  o.s.b.w.e.tomcat.TomcatWebServer - Tomcat initialized with port 7001 (http)
2025-11-27 09:16:26.914 [main] INFO  o.a.coyote.http11.Http11NioProtocol - Initializing ProtocolHandler ["http-nio-7001"]
2025-11-27 09:16:26.917 [main] INFO  o.a.catalina.core.StandardService - Starting service [Tomcat]
2025-11-27 09:16:26.917 [main] INFO  o.a.catalina.core.StandardEngine - Starting Servlet engine: [Apache Tomcat/10.1.33]
2025-11-27 09:16:27.035 [main] INFO  o.a.c.c.C.[Tomcat].[localhost].[/] - Initializing Spring embedded WebApplicationContext
2025-11-27 09:16:27.035 [main] INFO  o.s.b.w.s.c.ServletWebServerApplicationContext - Root WebApplicationContext: initialization completed in 3500 ms
2025-11-27 09:16:27.431 [main] INFO  o.e.s.InvoiceManagerAccessTokenService - refresh access token success, expireIn=7200
2025-11-27 09:16:27.960 [connection-pool-4-1] INFO  c.d.o.a.s.n.w.WebsocketTransportConnector - [DingTalk] start websocket connection, uri=wss://wss-open-connection.dingtalk.com:443/connect
2025-11-27 09:16:27.960 [connection-pool-2-1] INFO  c.d.o.a.s.n.w.WebsocketTransportConnector - [DingTalk] start websocket connection, uri=wss://wss-open-connection.dingtalk.com:443/connect
2025-11-27 09:16:28.107 [main] INFO  o.a.coyote.http11.Http11NioProtocol - Starting ProtocolHandler ["http-nio-7001"]
2025-11-27 09:16:28.126 [main] INFO  o.s.b.w.e.tomcat.TomcatWebServer - Tomcat started on port 7001 (http) with context path '/'
2025-11-27 09:16:28.139 [main] INFO  org.example.Application - Started Application in 5.644 seconds (process running for 6.88)
2025-11-27 09:16:29.121 [connection-pool-4-1] INFO  c.d.o.a.s.n.core.DefaultSessionPool - [DingTalk] connection is established, connectionId=b2ec399e-cb2e-11f0-bee8-0eb3b764c0bb
2025-11-27 09:16:29.121 [connection-pool-2-1] INFO  c.d.o.a.s.n.core.DefaultSessionPool - [DingTalk] connection is established, connectionId=b2eb9c4a-cb2e-11f0-80bd-52afbb2bd5e8
2025-11-27 09:18:12.964 [Thread-2] INFO  o.e.s.InvoiceManagerMessagesService - RobotGroupMessagesService_sendPrivateMessage chatbotMessage=com.dingtalk.open.app.api.models.bot.ChatbotMessage@733df07a
2025-11-27 09:22:17.710 [Thread-2] INFO  o.e.s.InvoiceManagerMessagesService - RobotGroupMessagesService_sendPrivateMessage chatbotMessage=com.dingtalk.open.app.api.models.bot.ChatbotMessage@442abe3c
