2025-12-01 11:56:04.110 [main] ERROR o.s.boot.SpringApplication - Application run failed
org.springframework.beans.factory.UnsatisfiedDependencyException: Error creating bean with name 'chatBotCallbackListener' defined in file [C:\ideaworkspace\dingtalk-main\target\classes\org\example\callback\chatbot\ChatBotCallbackListener.class]: Unsatisfied dependency expressed through constructor parameter 0: Error creating bean with name 'robotGroupMessagesService': Unsatisfied dependency expressed through field 'jdbcTemplate': Error creating bean with name 'initJdbc' defined in class path resource [org/example/dao/JdbcTemplateWapper.class]: Failed to instantiate [org.springframework.jdbc.core.JdbcTemplate]: Factory method 'initJdbc' threw exception with message: com.zaxxer.hikari.pool.HikariPool$PoolInitializationException: Failed to initialize pool: 通过端口 1433 连接到主机 localhost 的 TCP/IP 连接失败。错误:“Connection refused: no further information。请验证连接属性。确保 SQL Server 的实例正在主机上运行，且在此端口接受 TCP/IP 连接，还要确保防火墙没有阻止到此端口的 TCP 连接。”。
	at org.springframework.beans.factory.support.ConstructorResolver.createArgumentArray(ConstructorResolver.java:795)
	at org.springframework.beans.factory.support.ConstructorResolver.autowireConstructor(ConstructorResolver.java:237)
	at org.springframework.beans.factory.support.AbstractAutowireCapableBeanFactory.autowireConstructor(AbstractAutowireCapableBeanFactory.java:1375)
	at org.springframework.beans.factory.support.AbstractAutowireCapableBeanFactory.createBeanInstance(AbstractAutowireCapableBeanFactory.java:1212)
	at org.springframework.beans.factory.support.AbstractAutowireCapableBeanFactory.doCreateBean(AbstractAutowireCapableBeanFactory.java:562)
	at org.springframework.beans.factory.support.AbstractAutowireCapableBeanFactory.createBean(AbstractAutowireCapableBeanFactory.java:522)
	at org.springframework.beans.factory.support.AbstractBeanFactory.lambda$doGetBean$0(AbstractBeanFactory.java:337)
	at org.springframework.beans.factory.support.DefaultSingletonBeanRegistry.getSingleton(DefaultSingletonBeanRegistry.java:234)
	at org.springframework.beans.factory.support.AbstractBeanFactory.doGetBean(AbstractBeanFactory.java:335)
	at org.springframework.beans.factory.support.AbstractBeanFactory.getBean(AbstractBeanFactory.java:200)
	at org.springframework.beans.factory.support.DefaultListableBeanFactory.preInstantiateSingletons(DefaultListableBeanFactory.java:975)
	at org.springframework.context.support.AbstractApplicationContext.finishBeanFactoryInitialization(AbstractApplicationContext.java:971)
	at org.springframework.context.support.AbstractApplicationContext.refresh(AbstractApplicationContext.java:625)
	at org.springframework.boot.web.servlet.context.ServletWebServerApplicationContext.refresh(ServletWebServerApplicationContext.java:146)
	at org.springframework.boot.SpringApplication.refresh(SpringApplication.java:754)
	at org.springframework.boot.SpringApplication.refreshContext(SpringApplication.java:456)
	at org.springframework.boot.SpringApplication.run(SpringApplication.java:335)
	at org.springframework.boot.SpringApplication.run(SpringApplication.java:1363)
	at org.springframework.boot.SpringApplication.run(SpringApplication.java:1352)
	at org.example.Application.main(Application.java:15)
Caused by: org.springframework.beans.factory.UnsatisfiedDependencyException: Error creating bean with name 'robotGroupMessagesService': Unsatisfied dependency expressed through field 'jdbcTemplate': Error creating bean with name 'initJdbc' defined in class path resource [org/example/dao/JdbcTemplateWapper.class]: Failed to instantiate [org.springframework.jdbc.core.JdbcTemplate]: Factory method 'initJdbc' threw exception with message: com.zaxxer.hikari.pool.HikariPool$PoolInitializationException: Failed to initialize pool: 通过端口 1433 连接到主机 localhost 的 TCP/IP 连接失败。错误:“Connection refused: no further information。请验证连接属性。确保 SQL Server 的实例正在主机上运行，且在此端口接受 TCP/IP 连接，还要确保防火墙没有阻止到此端口的 TCP 连接。”。
	at org.springframework.beans.factory.annotation.AutowiredAnnotationBeanPostProcessor$AutowiredFieldElement.resolveFieldValue(AutowiredAnnotationBeanPostProcessor.java:788)
	at org.springframework.beans.factory.annotation.AutowiredAnnotationBeanPostProcessor$AutowiredFieldElement.inject(AutowiredAnnotationBeanPostProcessor.java:768)
	at org.springframework.beans.factory.annotation.InjectionMetadata.inject(InjectionMetadata.java:145)
	at org.springframework.beans.factory.annotation.AutowiredAnnotationBeanPostProcessor.postProcessProperties(AutowiredAnnotationBeanPostProcessor.java:509)
	at org.springframework.beans.factory.support.AbstractAutowireCapableBeanFactory.populateBean(AbstractAutowireCapableBeanFactory.java:1439)
	at org.springframework.beans.factory.support.AbstractAutowireCapableBeanFactory.doCreateBean(AbstractAutowireCapableBeanFactory.java:599)
	at org.springframework.beans.factory.support.AbstractAutowireCapableBeanFactory.createBean(AbstractAutowireCapableBeanFactory.java:522)
	at org.springframework.beans.factory.support.AbstractBeanFactory.lambda$doGetBean$0(AbstractBeanFactory.java:337)
	at org.springframework.beans.factory.support.DefaultSingletonBeanRegistry.getSingleton(DefaultSingletonBeanRegistry.java:234)
	at org.springframework.beans.factory.support.AbstractBeanFactory.doGetBean(AbstractBeanFactory.java:335)
	at org.springframework.beans.factory.support.AbstractBeanFactory.getBean(AbstractBeanFactory.java:200)
	at org.springframework.beans.factory.config.DependencyDescriptor.resolveCandidate(DependencyDescriptor.java:254)
	at org.springframework.beans.factory.support.DefaultListableBeanFactory.doResolveDependency(DefaultListableBeanFactory.java:1443)
	at org.springframework.beans.factory.support.DefaultListableBeanFactory.resolveDependency(DefaultListableBeanFactory.java:1353)
	at org.springframework.beans.factory.support.ConstructorResolver.resolveAutowiredArgument(ConstructorResolver.java:904)
	at org.springframework.beans.factory.support.ConstructorResolver.createArgumentArray(ConstructorResolver.java:782)
	... 19 common frames omitted
Caused by: org.springframework.beans.factory.BeanCreationException: Error creating bean with name 'initJdbc' defined in class path resource [org/example/dao/JdbcTemplateWapper.class]: Failed to instantiate [org.springframework.jdbc.core.JdbcTemplate]: Factory method 'initJdbc' threw exception with message: com.zaxxer.hikari.pool.HikariPool$PoolInitializationException: Failed to initialize pool: 通过端口 1433 连接到主机 localhost 的 TCP/IP 连接失败。错误:“Connection refused: no further information。请验证连接属性。确保 SQL Server 的实例正在主机上运行，且在此端口接受 TCP/IP 连接，还要确保防火墙没有阻止到此端口的 TCP 连接。”。
	at org.springframework.beans.factory.support.ConstructorResolver.instantiate(ConstructorResolver.java:648)
	at org.springframework.beans.factory.support.ConstructorResolver.instantiateUsingFactoryMethod(ConstructorResolver.java:485)
	at org.springframework.beans.factory.support.AbstractAutowireCapableBeanFactory.instantiateUsingFactoryMethod(AbstractAutowireCapableBeanFactory.java:1355)
	at org.springframework.beans.factory.support.AbstractAutowireCapableBeanFactory.createBeanInstance(AbstractAutowireCapableBeanFactory.java:1185)
	at org.springframework.beans.factory.support.AbstractAutowireCapableBeanFactory.doCreateBean(AbstractAutowireCapableBeanFactory.java:562)
	at org.springframework.beans.factory.support.AbstractAutowireCapableBeanFactory.createBean(AbstractAutowireCapableBeanFactory.java:522)
	at org.springframework.beans.factory.support.AbstractBeanFactory.lambda$doGetBean$0(AbstractBeanFactory.java:337)
	at org.springframework.beans.factory.support.DefaultSingletonBeanRegistry.getSingleton(DefaultSingletonBeanRegistry.java:234)
	at org.springframework.beans.factory.support.AbstractBeanFactory.doGetBean(AbstractBeanFactory.java:335)
	at org.springframework.beans.factory.support.AbstractBeanFactory.getBean(AbstractBeanFactory.java:200)
	at org.springframework.beans.factory.config.DependencyDescriptor.resolveCandidate(DependencyDescriptor.java:254)
	at org.springframework.beans.factory.support.DefaultListableBeanFactory.doResolveDependency(DefaultListableBeanFactory.java:1443)
	at org.springframework.beans.factory.support.DefaultListableBeanFactory.resolveDependency(DefaultListableBeanFactory.java:1353)
	at org.springframework.beans.factory.annotation.AutowiredAnnotationBeanPostProcessor$AutowiredFieldElement.resolveFieldValue(AutowiredAnnotationBeanPostProcessor.java:785)
	... 34 common frames omitted
Caused by: org.springframework.beans.BeanInstantiationException: Failed to instantiate [org.springframework.jdbc.core.JdbcTemplate]: Factory method 'initJdbc' threw exception with message: com.zaxxer.hikari.pool.HikariPool$PoolInitializationException: Failed to initialize pool: 通过端口 1433 连接到主机 localhost 的 TCP/IP 连接失败。错误:“Connection refused: no further information。请验证连接属性。确保 SQL Server 的实例正在主机上运行，且在此端口接受 TCP/IP 连接，还要确保防火墙没有阻止到此端口的 TCP 连接。”。
	at org.springframework.beans.factory.support.SimpleInstantiationStrategy.instantiate(SimpleInstantiationStrategy.java:178)
	at org.springframework.beans.factory.support.ConstructorResolver.instantiate(ConstructorResolver.java:644)
	... 47 common frames omitted
Caused by: java.lang.RuntimeException: com.zaxxer.hikari.pool.HikariPool$PoolInitializationException: Failed to initialize pool: 通过端口 1433 连接到主机 localhost 的 TCP/IP 连接失败。错误:“Connection refused: no further information。请验证连接属性。确保 SQL Server 的实例正在主机上运行，且在此端口接受 TCP/IP 连接，还要确保防火墙没有阻止到此端口的 TCP 连接。”。
	at org.example.dao.JdbcTemplateWapper.initJdbc(JdbcTemplateWapper.java:51)
	at org.example.dao.JdbcTemplateWapper$$SpringCGLIB$$0.CGLIB$initJdbc$1(<generated>)
	at org.example.dao.JdbcTemplateWapper$$SpringCGLIB$$FastClass$$1.invoke(<generated>)
	at org.springframework.cglib.proxy.MethodProxy.invokeSuper(MethodProxy.java:258)
	at org.springframework.context.annotation.ConfigurationClassEnhancer$BeanMethodInterceptor.intercept(ConfigurationClassEnhancer.java:348)
	at org.example.dao.JdbcTemplateWapper$$SpringCGLIB$$0.initJdbc(<generated>)
	at java.base/jdk.internal.reflect.NativeMethodAccessorImpl.invoke0(Native Method)
	at java.base/jdk.internal.reflect.NativeMethodAccessorImpl.invoke(NativeMethodAccessorImpl.java:77)
	at java.base/jdk.internal.reflect.DelegatingMethodAccessorImpl.invoke(DelegatingMethodAccessorImpl.java:43)
	at java.base/java.lang.reflect.Method.invoke(Method.java:568)
	at org.springframework.beans.factory.support.SimpleInstantiationStrategy.instantiate(SimpleInstantiationStrategy.java:146)
	... 48 common frames omitted
Caused by: com.zaxxer.hikari.pool.HikariPool$PoolInitializationException: Failed to initialize pool: 通过端口 1433 连接到主机 localhost 的 TCP/IP 连接失败。错误:“Connection refused: no further information。请验证连接属性。确保 SQL Server 的实例正在主机上运行，且在此端口接受 TCP/IP 连接，还要确保防火墙没有阻止到此端口的 TCP 连接。”。
	at com.zaxxer.hikari.pool.HikariPool.throwPoolInitializationException(HikariPool.java:584)
	at com.zaxxer.hikari.pool.HikariPool.checkFailFast(HikariPool.java:571)
	at com.zaxxer.hikari.pool.HikariPool.<init>(HikariPool.java:98)
	at com.zaxxer.hikari.HikariDataSource.<init>(HikariDataSource.java:80)
	at org.example.dao.JdbcTemplateWapper.initJdbc(JdbcTemplateWapper.java:47)
	... 58 common frames omitted
Caused by: com.microsoft.sqlserver.jdbc.SQLServerException: 通过端口 1433 连接到主机 localhost 的 TCP/IP 连接失败。错误:“Connection refused: no further information。请验证连接属性。确保 SQL Server 的实例正在主机上运行，且在此端口接受 TCP/IP 连接，还要确保防火墙没有阻止到此端口的 TCP 连接。”。
	at com.microsoft.sqlserver.jdbc.SQLServerException.makeFromDriverError(SQLServerException.java:190)
	at com.microsoft.sqlserver.jdbc.SQLServerException.ConvertConnectExceptionToSQLServerException(SQLServerException.java:241)
	at com.microsoft.sqlserver.jdbc.SocketFinder.findSocket(IOBuffer.java:2243)
	at com.microsoft.sqlserver.jdbc.TDSChannel.open(IOBuffer.java:491)
	at com.microsoft.sqlserver.jdbc.SQLServerConnection.connectHelper(SQLServerConnection.java:1309)
	at com.microsoft.sqlserver.jdbc.SQLServerConnection.login(SQLServerConnection.java:991)
	at com.microsoft.sqlserver.jdbc.SQLServerConnection.connect(SQLServerConnection.java:827)
	at com.microsoft.sqlserver.jdbc.SQLServerDriver.connect(SQLServerDriver.java:1012)
	at com.zaxxer.hikari.util.DriverDataSource.getConnection(DriverDataSource.java:137)
	at com.zaxxer.hikari.pool.PoolBase.newConnection(PoolBase.java:360)
	at com.zaxxer.hikari.pool.PoolBase.newPoolEntry(PoolBase.java:202)
	at com.zaxxer.hikari.pool.HikariPool.createPoolEntry(HikariPool.java:461)
	at com.zaxxer.hikari.pool.HikariPool.checkFailFast(HikariPool.java:550)
	... 61 common frames omitted
